# JRE version: OpenJDK Runtime Environment Temurin-17.0.10+7 (17.0.10+7) (build 17.0.10+7)
# Java VM: OpenJDK 64-Bit Server VM Temurin-17.0.10+7 (17.0.10+7, mixed mode, tiered, compressed oops, compressed class ptrs, parallel gc, windows-amd64)
GC Precious Log:
 CPUs: 16 total, 16 available
 Memory: 16109M
 Large Page Support: Disabled
 NUMA Support: Disabled
 Compressed Oops: Enabled (32-bit)
 Alignments: Space 512K, Generation 512K, Heap 2M
 Heap Min Capacity: 100M
 Heap Initial Capacity: 100M
 Heap Max Capacity: 1G
 Pre-touch: Disabled
 Parallel Workers: 13
Heap:
 PSYoungGen      total 22016K, used 12062K [0x00000000eab00000, 0x00000000ec780000, 0x0000000100000000)
  eden space 17920K, 45% used [0x00000000eab00000,0x00000000eb2ec318,0x00000000ebc80000)
  from space 4096K, 96% used [0x00000000ec380000,0x00000000ec75b7c8,0x00000000ec780000)
  to   space 5120K, 0% used [0x00000000ebd80000,0x00000000ebd80000,0x00000000ec280000)
 ParOldGen       total 68608K, used 45811K [0x00000000c0000000, 0x00000000c4300000, 0x00000000eab00000)
  object space 68608K, 66% used [0x00000000c0000000,0x00000000c2cbcdb8,0x00000000c4300000)
 Metaspace       used 54367K, committed 55360K, reserved 1114112K
  class space    used 5828K, committed 6272K, reserved 1048576K
GC Heap History (20 events):
Event: 8.656 GC heap before
{Heap before GC invocations=21 (full 2):
 PSYoungGen      total 24576K, used 24384K [0x00000000eab00000, 0x00000000ec580000, 0x0000000100000000)
  eden space 22016K, 100% used [0x00000000eab00000,0x00000000ec080000,0x00000000ec080000)
  from space 2560K, 92% used [0x00000000ec300000,0x00000000ec550010,0x00000000ec580000)
  to   space 2560K, 0% used [0x00000000ec080000,0x00000000ec080000,0x00000000ec300000)
 ParOldGen       total 68608K, used 21710K [0x00000000c0000000, 0x00000000c4300000, 0x00000000eab00000)
  object space 68608K, 31% used [0x00000000c0000000,0x00000000c1533a78,0x00000000c4300000)
 Metaspace       used 52326K, committed 53248K, reserved 1114112K
  class space    used 5642K, committed 6080K, reserved 1048576K
}
Event: 8.658 GC heap after
{Heap after GC invocations=21 (full 2):
 PSYoungGen      total 24576K, used 2528K [0x00000000eab00000, 0x00000000ecb80000, 0x0000000100000000)
  eden space 22016K, 0% used [0x00000000eab00000,0x00000000eab00000,0x00000000ec080000)
  from space 2560K, 98% used [0x00000000ec080000,0x00000000ec2f8020,0x00000000ec300000)
  to   space 5632K, 0% used [0x00000000ec600000,0x00000000ec600000,0x00000000ecb80000)
 ParOldGen       total 68608K, used 23894K [0x00000000c0000000, 0x00000000c4300000, 0x00000000eab00000)
  object space 68608K, 34% used [0x00000000c0000000,0x00000000c1755a78,0x00000000c4300000)
 Metaspace       used 52326K, committed 53248K, reserved 1114112K
  class space    used 5642K, committed 6080K, reserved 1048576K
}
Event: 8.698 GC heap before
{Heap before GC invocations=22 (full 2):
 PSYoungGen      total 24576K, used 24544K [0x00000000eab00000, 0x00000000ecb80000, 0x0000000100000000)
  eden space 22016K, 100% used [0x00000000eab00000,0x00000000ec080000,0x00000000ec080000)
  from space 2560K, 98% used [0x00000000ec080000,0x00000000ec2f8020,0x00000000ec300000)
  to   space 5632K, 0% used [0x00000000ec600000,0x00000000ec600000,0x00000000ecb80000)
 ParOldGen       total 68608K, used 23894K [0x00000000c0000000, 0x00000000c4300000, 0x00000000eab00000)
  object space 68608K, 34% used [0x00000000c0000000,0x00000000c1755a78,0x00000000c4300000)
 Metaspace       used 52326K, committed 53248K, reserved 1114112K
  class space    used 5642K, committed 6080K, reserved 1048576K
}
Event: 8.701 GC heap after
{Heap after GC invocations=22 (full 2):
 PSYoungGen      total 24576K, used 2560K [0x00000000eab00000, 0x00000000ec880000, 0x0000000100000000)
  eden space 22016K, 0% used [0x00000000eab00000,0x00000000eab00000,0x00000000ec080000)
  from space 2560K, 100% used [0x00000000ec600000,0x00000000ec880000,0x00000000ec880000)
  to   space 3584K, 0% used [0x00000000ec180000,0x00000000ec180000,0x00000000ec500000)
 ParOldGen       total 68608K, used 26442K [0x00000000c0000000, 0x00000000c4300000, 0x00000000eab00000)
  object space 68608K, 38% used [0x00000000c0000000,0x00000000c19d2998,0x00000000c4300000)
 Metaspace       used 52326K, committed 53248K, reserved 1114112K
  class space    used 5642K, committed 6080K, reserved 1048576K
}
Event: 8.739 GC heap before
{Heap before GC invocations=23 (full 2):
 PSYoungGen      total 24576K, used 24576K [0x00000000eab00000, 0x00000000ec880000, 0x0000000100000000)
  eden space 22016K, 100% used [0x00000000eab00000,0x00000000ec080000,0x00000000ec080000)
  from space 2560K, 100% used [0x00000000ec600000,0x00000000ec880000,0x00000000ec880000)
  to   space 3584K, 0% used [0x00000000ec180000,0x00000000ec180000,0x00000000ec500000)
 ParOldGen       total 68608K, used 26442K [0x00000000c0000000, 0x00000000c4300000, 0x00000000eab00000)
  object space 68608K, 38% used [0x00000000c0000000,0x00000000c19d2998,0x00000000c4300000)
 Metaspace       used 52326K, committed 53248K, reserved 1114112K
  class space    used 5642K, committed 6080K, reserved 1048576K
}
Event: 8.741 GC heap after
{Heap after GC invocations=23 (full 2):
 PSYoungGen      total 25088K, used 2720K [0x00000000eab00000, 0x00000000ec680000, 0x0000000100000000)
  eden space 22016K, 0% used [0x00000000eab00000,0x00000000eab00000,0x00000000ec080000)
  from space 3072K, 88% used [0x00000000ec180000,0x00000000ec428010,0x00000000ec480000)
  to   space 2048K, 0% used [0x00000000ec480000,0x00000000ec480000,0x00000000ec680000)
 ParOldGen       total 68608K, used 28850K [0x00000000c0000000, 0x00000000c4300000, 0x00000000eab00000)
  object space 68608K, 42% used [0x00000000c0000000,0x00000000c1c2c998,0x00000000c4300000)
 Metaspace       used 52326K, committed 53248K, reserved 1114112K
  class space    used 5642K, committed 6080K, reserved 1048576K
}
Event: 9.913 GC heap before
{Heap before GC invocations=24 (full 2):
 PSYoungGen      total 25088K, used 24736K [0x00000000eab00000, 0x00000000ec680000, 0x0000000100000000)
  eden space 22016K, 100% used [0x00000000eab00000,0x00000000ec080000,0x00000000ec080000)
  from space 3072K, 88% used [0x00000000ec180000,0x00000000ec428010,0x00000000ec480000)
  to   space 2048K, 0% used [0x00000000ec480000,0x00000000ec480000,0x00000000ec680000)
 ParOldGen       total 68608K, used 28850K [0x00000000c0000000, 0x00000000c4300000, 0x00000000eab00000)
  object space 68608K, 42% used [0x00000000c0000000,0x00000000c1c2c998,0x00000000c4300000)
 Metaspace       used 53045K, committed 54016K, reserved 1114112K
  class space    used 5718K, committed 6144K, reserved 1048576K
}
Event: 9.917 GC heap after
{Heap after GC invocations=24 (full 2):
 PSYoungGen      total 22528K, used 2048K [0x00000000eab00000, 0x00000000ecb80000, 0x0000000100000000)
  eden space 20480K, 0% used [0x00000000eab00000,0x00000000eab00000,0x00000000ebf00000)
  from space 2048K, 100% used [0x00000000ec480000,0x00000000ec680000,0x00000000ec680000)
  to   space 5632K, 0% used [0x00000000ebf00000,0x00000000ebf00000,0x00000000ec480000)
 ParOldGen       total 68608K, used 31730K [0x00000000c0000000, 0x00000000c4300000, 0x00000000eab00000)
  object space 68608K, 46% used [0x00000000c0000000,0x00000000c1efc9c8,0x00000000c4300000)
 Metaspace       used 53045K, committed 54016K, reserved 1114112K
  class space    used 5718K, committed 6144K, reserved 1048576K
}
Event: 10.048 GC heap before
{Heap before GC invocations=25 (full 2):
 PSYoungGen      total 22528K, used 22528K [0x00000000eab00000, 0x00000000ecb80000, 0x0000000100000000)
  eden space 20480K, 100% used [0x00000000eab00000,0x00000000ebf00000,0x00000000ebf00000)
  from space 2048K, 100% used [0x00000000ec480000,0x00000000ec680000,0x00000000ec680000)
  to   space 5632K, 0% used [0x00000000ebf00000,0x00000000ebf00000,0x00000000ec480000)
 ParOldGen       total 68608K, used 31730K [0x00000000c0000000, 0x00000000c4300000, 0x00000000eab00000)
  object space 68608K, 46% used [0x00000000c0000000,0x00000000c1efc9c8,0x00000000c4300000)
 Metaspace       used 53223K, committed 54144K, reserved 1114112K
  class space    used 5725K, committed 6144K, reserved 1048576K
}
Event: 10.052 GC heap after
{Heap after GC invocations=25 (full 2):
 PSYoungGen      total 22016K, used 1223K [0x00000000eab00000, 0x00000000ec500000, 0x0000000100000000)
  eden space 20480K, 0% used [0x00000000eab00000,0x00000000eab00000,0x00000000ebf00000)
  from space 1536K, 79% used [0x00000000ebf00000,0x00000000ec031ff8,0x00000000ec080000)
  to   space 3072K, 0% used [0x00000000ec200000,0x00000000ec200000,0x00000000ec500000)
 ParOldGen       total 68608K, used 33728K [0x00000000c0000000, 0x00000000c4300000, 0x00000000eab00000)
  object space 68608K, 49% used [0x00000000c0000000,0x00000000c20f0268,0x00000000c4300000)
 Metaspace       used 53223K, committed 54144K, reserved 1114112K
  class space    used 5725K, committed 6144K, reserved 1048576K
}
Event: 10.171 GC heap before
{Heap before GC invocations=26 (full 2):
 PSYoungGen      total 22016K, used 21703K [0x00000000eab00000, 0x00000000ec500000, 0x0000000100000000)
  eden space 20480K, 100% used [0x00000000eab00000,0x00000000ebf00000,0x00000000ebf00000)
  from space 1536K, 79% used [0x00000000ebf00000,0x00000000ec031ff8,0x00000000ec080000)
  to   space 3072K, 0% used [0x00000000ec200000,0x00000000ec200000,0x00000000ec500000)
 ParOldGen       total 68608K, used 33728K [0x00000000c0000000, 0x00000000c4300000, 0x00000000eab00000)
  object space 68608K, 49% used [0x00000000c0000000,0x00000000c20f0268,0x00000000c4300000)
 Metaspace       used 53383K, committed 54336K, reserved 1114112K
  class space    used 5742K, committed 6208K, reserved 1048576K
}
Event: 10.174 GC heap after
{Heap after GC invocations=26 (full 2):
 PSYoungGen      total 20992K, used 3056K [0x00000000eab00000, 0x00000000eca00000, 0x0000000100000000)
  eden space 17920K, 0% used [0x00000000eab00000,0x00000000eab00000,0x00000000ebc80000)
  from space 3072K, 99% used [0x00000000ec200000,0x00000000ec4fc0d0,0x00000000ec500000)
  to   space 5632K, 0% used [0x00000000ebc80000,0x00000000ebc80000,0x00000000ec200000)
 ParOldGen       total 68608K, used 35573K [0x00000000c0000000, 0x00000000c4300000, 0x00000000eab00000)
  object space 68608K, 51% used [0x00000000c0000000,0x00000000c22bd5b8,0x00000000c4300000)
 Metaspace       used 53383K, committed 54336K, reserved 1114112K
  class space    used 5742K, committed 6208K, reserved 1048576K
}
Event: 10.219 GC heap before
{Heap before GC invocations=27 (full 2):
 PSYoungGen      total 20992K, used 20976K [0x00000000eab00000, 0x00000000eca00000, 0x0000000100000000)
  eden space 17920K, 100% used [0x00000000eab00000,0x00000000ebc80000,0x00000000ebc80000)
  from space 3072K, 99% used [0x00000000ec200000,0x00000000ec4fc0d0,0x00000000ec500000)
  to   space 5632K, 0% used [0x00000000ebc80000,0x00000000ebc80000,0x00000000ec200000)
 ParOldGen       total 68608K, used 35573K [0x00000000c0000000, 0x00000000c4300000, 0x00000000eab00000)
  object space 68608K, 51% used [0x00000000c0000000,0x00000000c22bd5b8,0x00000000c4300000)
 Metaspace       used 53383K, committed 54336K, reserved 1114112K
  class space    used 5742K, committed 6208K, reserved 1048576K
}
Event: 10.222 GC heap after
{Heap after GC invocations=27 (full 2):
 PSYoungGen      total 19456K, used 1248K [0x00000000eab00000, 0x00000000ec280000, 0x0000000100000000)
  eden space 17920K, 0% used [0x00000000eab00000,0x00000000eab00000,0x00000000ebc80000)
  from space 1536K, 81% used [0x00000000ebc80000,0x00000000ebdb8000,0x00000000ebe00000)
  to   space 3072K, 0% used [0x00000000ebf80000,0x00000000ebf80000,0x00000000ec280000)
 ParOldGen       total 68608K, used 38675K [0x00000000c0000000, 0x00000000c4300000, 0x00000000eab00000)
  object space 68608K, 56% used [0x00000000c0000000,0x00000000c25c4e28,0x00000000c4300000)
 Metaspace       used 53383K, committed 54336K, reserved 1114112K
  class space    used 5742K, committed 6208K, reserved 1048576K
}
Event: 10.420 GC heap before
{Heap before GC invocations=28 (full 2):
 PSYoungGen      total 19456K, used 19168K [0x00000000eab00000, 0x00000000ec280000, 0x0000000100000000)
  eden space 17920K, 100% used [0x00000000eab00000,0x00000000ebc80000,0x00000000ebc80000)
  from space 1536K, 81% used [0x00000000ebc80000,0x00000000ebdb8000,0x00000000ebe00000)
  to   space 3072K, 0% used [0x00000000ebf80000,0x00000000ebf80000,0x00000000ec280000)
 ParOldGen       total 68608K, used 38675K [0x00000000c0000000, 0x00000000c4300000, 0x00000000eab00000)
  object space 68608K, 56% used [0x00000000c0000000,0x00000000c25c4e28,0x00000000c4300000)
 Metaspace       used 54209K, committed 55168K, reserved 1114112K
  class space    used 5814K, committed 6272K, reserved 1048576K
}
Event: 10.424 GC heap after
{Heap after GC invocations=28 (full 2):
 PSYoungGen      total 20992K, used 2545K [0x00000000eab00000, 0x00000000ec280000, 0x0000000100000000)
  eden space 17920K, 0% used [0x00000000eab00000,0x00000000eab00000,0x00000000ebc80000)
  from space 3072K, 82% used [0x00000000ebf80000,0x00000000ec1fc4f8,0x00000000ec280000)
  to   space 3072K, 0% used [0x00000000ebc80000,0x00000000ebc80000,0x00000000ebf80000)
 ParOldGen       total 68608K, used 39779K [0x00000000c0000000, 0x00000000c4300000, 0x00000000eab00000)
  object space 68608K, 57% used [0x00000000c0000000,0x00000000c26d8e28,0x00000000c4300000)
 Metaspace       used 54209K, committed 55168K, reserved 1114112K
  class space    used 5814K, committed 6272K, reserved 1048576K
}
Event: 10.580 GC heap before
{Heap before GC invocations=29 (full 2):
 PSYoungGen      total 20992K, used 20465K [0x00000000eab00000, 0x00000000ec280000, 0x0000000100000000)
  eden space 17920K, 100% used [0x00000000eab00000,0x00000000ebc80000,0x00000000ebc80000)
  from space 3072K, 82% used [0x00000000ebf80000,0x00000000ec1fc4f8,0x00000000ec280000)
  to   space 3072K, 0% used [0x00000000ebc80000,0x00000000ebc80000,0x00000000ebf80000)
 ParOldGen       total 68608K, used 39779K [0x00000000c0000000, 0x00000000c4300000, 0x00000000eab00000)
  object space 68608K, 57% used [0x00000000c0000000,0x00000000c26d8e28,0x00000000c4300000)
 Metaspace       used 54360K, committed 55360K, reserved 1114112K
  class space    used 5828K, committed 6272K, reserved 1048576K
}
Event: 10.583 GC heap after
{Heap after GC invocations=29 (full 2):
 PSYoungGen      total 20992K, used 3055K [0x00000000eab00000, 0x00000000eca80000, 0x0000000100000000)
  eden space 17920K, 0% used [0x00000000eab00000,0x00000000eab00000,0x00000000ebc80000)
  from space 3072K, 99% used [0x00000000ebc80000,0x00000000ebf7be70,0x00000000ebf80000)
  to   space 7168K, 0% used [0x00000000ec380000,0x00000000ec380000,0x00000000eca80000)
 ParOldGen       total 68608K, used 42851K [0x00000000c0000000, 0x00000000c4300000, 0x00000000eab00000)
  object space 68608K, 62% used [0x00000000c0000000,0x00000000c29d8e68,0x00000000c4300000)
 Metaspace       used 54360K, committed 55360K, reserved 1114112K
  class space    used 5828K, committed 6272K, reserved 1048576K
}
Event: 10.725 GC heap before
{Heap before GC invocations=30 (full 2):
 PSYoungGen      total 20992K, used 20975K [0x00000000eab00000, 0x00000000eca80000, 0x0000000100000000)
  eden space 17920K, 100% used [0x00000000eab00000,0x00000000ebc80000,0x00000000ebc80000)
  from space 3072K, 99% used [0x00000000ebc80000,0x00000000ebf7be70,0x00000000ebf80000)
  to   space 7168K, 0% used [0x00000000ec380000,0x00000000ec380000,0x00000000eca80000)
 ParOldGen       total 68608K, used 42851K [0x00000000c0000000, 0x00000000c4300000, 0x00000000eab00000)
  object space 68608K, 62% used [0x00000000c0000000,0x00000000c29d8e68,0x00000000c4300000)
 Metaspace       used 54367K, committed 55360K, reserved 1114112K
  class space    used 5828K, committed 6272K, reserved 1048576K
}
Event: 10.727 GC heap after
{Heap after GC invocations=30 (full 2):
 PSYoungGen      total 22016K, used 3949K [0x00000000eab00000, 0x00000000ec780000, 0x0000000100000000)
  eden space 17920K, 0% used [0x00000000eab00000,0x00000000eab00000,0x00000000ebc80000)
  from space 4096K, 96% used [0x00000000ec380000,0x00000000ec75b7c8,0x00000000ec780000)
  to   space 5120K, 0% used [0x00000000ebd80000,0x00000000ebd80000,0x00000000ec280000)
 ParOldGen       total 68608K, used 45811K [0x00000000c0000000, 0x00000000c4300000, 0x00000000eab00000)
  object space 68608K, 66% used [0x00000000c0000000,0x00000000c2cbcdb8,0x00000000c4300000)
 Metaspace       used 54367K, committed 55360K, reserved 1114112K
  class space    used 5828K, committed 6272K, reserved 1048576K
}

